<?xml version="1.0" encoding="UTF-8"?>
<!-- Generated by org.testng.reporters.JUnitReportReporter -->
<testsuite hostname="MAA2-5CG2320Z8F" failures="0" tests="2" name="tests.AppointmentTests" time="23.993" errors="0" timestamp="2025-12-27T23:49:46 IST" skipped="0">
  <testcase classname="tests.AppointmentTests" name="testBookAppointmentNegative" time="7.753"/>
  <testcase classname="tests.AppointmentTests" name="testFullAppointmentFlowPositive" time="16.240"/>
</testsuite> <!-- tests.AppointmentTests -->
