<?xml version="1.0" encoding="UTF-8"?>
<!-- Generated by org.testng.reporters.JUnitReportReporter -->
<testsuite hostname="ABDULAJEES" failures="0" tests="2" name="tests.AppointmentTests" time="34.584" errors="0" timestamp="2026-02-12T08:18:49 IST" skipped="0">
  <testcase classname="tests.AppointmentTests" name="testFullAppointmentFlowPositive" time="15.162"/>
  <testcase classname="tests.AppointmentTests" name="testBookAppointmentNegative" time="19.422"/>
</testsuite> <!-- tests.AppointmentTests -->
